<?xml version="1.0" encoding="UTF-8"?>
<testng-results skipped="0" failed="0" ignored="0" total="1" passed="1">
  <reporter-output>
  </reporter-output>
  <suite name="Default suite" duration-ms="4476" started-at="2022-04-04T23:26:05 CDT" finished-at="2022-04-04T23:26:09 CDT">
    <groups>
    </groups>
    <test name="Default test" duration-ms="4476" started-at="2022-04-04T23:26:05 CDT" finished-at="2022-04-04T23:26:09 CDT">
      <class name="test.AddContactTest">
        <test-method status="PASS" signature="addingContact()[pri:0, instance:test.AddContactTest@44c8afef]" name="addingContact" duration-ms="4454" started-at="2022-04-04T23:26:05 CDT" finished-at="2022-04-04T23:26:09 CDT">
          <reporter-output>
          </reporter-output>
        </test-method> <!-- addingContact -->
      </class> <!-- test.AddContactTest -->
    </test> <!-- Default test -->
  </suite> <!-- Default suite -->
</testng-results>
